Job ID: 6814
Node: node002 echo Starting: 05/21/24 00:01:13
Training with batch_size=16, learning_rate=0.01
Epoch: 1, Average Training Loss: 0.6912828147411346
Epoch: 1, Validation Accuracy: 0.6250
Epoch: 2, Average Training Loss: 0.6899859448273976
Epoch: 2, Validation Accuracy: 0.6281
Epoch: 3, Average Training Loss: 0.6884886105855306
Epoch: 3, Validation Accuracy: 0.7188
Epoch: 4, Average Training Loss: 0.6877250850200654
Epoch: 4, Validation Accuracy: 0.4938
Epoch: 5, Average Training Loss: 0.6858097851276398
Epoch: 5, Validation Accuracy: 0.5469
Epoch: 6, Average Training Loss: 0.6828342616558075
Epoch: 6, Validation Accuracy: 0.5094
Epoch: 7, Average Training Loss: 0.67943581144015
Epoch: 7, Validation Accuracy: 0.4813
Epoch: 8, Average Training Loss: 0.6799030760924022
Epoch: 8, Validation Accuracy: 0.4938
Epoch: 9, Average Training Loss: 0.6771866778532664
Epoch: 9, Validation Accuracy: 0.5156
Epoch: 10, Average Training Loss: 0.6746453464031219
Epoch: 10, Validation Accuracy: 0.7750
Training with batch_size=16, learning_rate=0.001
Epoch: 1, Average Training Loss: 0.6989153603712718
Epoch: 1, Validation Accuracy: 0.5188
Epoch: 2, Average Training Loss: 0.6969790359338125
Epoch: 2, Validation Accuracy: 0.5188
Epoch: 3, Average Training Loss: 0.6950613955656687
Epoch: 3, Validation Accuracy: 0.5188
Epoch: 4, Average Training Loss: 0.6940216998259227
Epoch: 4, Validation Accuracy: 0.5188
Epoch: 5, Average Training Loss: 0.6923396666844686
Epoch: 5, Validation Accuracy: 0.5188
Epoch: 6, Average Training Loss: 0.6916954159736634
Epoch: 6, Validation Accuracy: 0.5281
Epoch: 7, Average Training Loss: 0.691015233596166
Epoch: 7, Validation Accuracy: 0.5469
Epoch: 8, Average Training Loss: 0.6906651735305787
Epoch: 8, Validation Accuracy: 0.5844
Epoch: 9, Average Training Loss: 0.6896471818288167
Epoch: 9, Validation Accuracy: 0.6344
Epoch: 10, Average Training Loss: 0.6898368000984192
Epoch: 10, Validation Accuracy: 0.6281
Training with batch_size=16, learning_rate=0.05
Epoch: 1, Average Training Loss: 0.6908967177073161
Epoch: 1, Validation Accuracy: 0.5531
Epoch: 2, Average Training Loss: 0.6825317104657491
Epoch: 2, Validation Accuracy: 0.4875
Epoch: 3, Average Training Loss: 0.6750200986862183
Epoch: 3, Validation Accuracy: 0.5281
Epoch: 4, Average Training Loss: 0.6648293236891428
Epoch: 4, Validation Accuracy: 0.6312
Epoch: 5, Average Training Loss: 0.6594692945480347
Epoch: 5, Validation Accuracy: 0.4813
Epoch: 6, Average Training Loss: 0.6310539861520131
Epoch: 6, Validation Accuracy: 0.7844
Epoch: 7, Average Training Loss: 0.6000303874413172
Epoch: 7, Validation Accuracy: 0.6594
Epoch: 8, Average Training Loss: 0.6129214445749919
Epoch: 8, Validation Accuracy: 0.8063
Epoch: 9, Average Training Loss: 0.5781721144914627
Epoch: 9, Validation Accuracy: 0.5312
Epoch: 10, Average Training Loss: 0.5498384207487106
Epoch: 10, Validation Accuracy: 0.8063
Training with batch_size=16, learning_rate=0.5
Epoch: 1, Average Training Loss: 0.7099586606025696
Epoch: 1, Validation Accuracy: 0.4813
Epoch: 2, Average Training Loss: 0.6927951951821645
Epoch: 2, Validation Accuracy: 0.5188
Epoch: 3, Average Training Loss: 0.6999155302842458
Epoch: 3, Validation Accuracy: 0.5188
Epoch: 4, Average Training Loss: 0.6925400455792745
Epoch: 4, Validation Accuracy: 0.5188
Epoch: 5, Average Training Loss: 0.7011508524417878
Epoch: 5, Validation Accuracy: 0.5188
Epoch: 6, Average Training Loss: 0.6974637389183045
Epoch: 6, Validation Accuracy: 0.4813
Epoch: 7, Average Training Loss: 0.6979494611422221
Epoch: 7, Validation Accuracy: 0.4813
Epoch: 8, Average Training Loss: 0.6959014336268107
Epoch: 8, Validation Accuracy: 0.5188
Epoch: 9, Average Training Loss: 0.6964104632536571
Epoch: 9, Validation Accuracy: 0.4813
Epoch: 10, Average Training Loss: 0.6955894529819489
Epoch: 10, Validation Accuracy: 0.5188
Training with batch_size=16, learning_rate=0.1
Epoch: 1, Average Training Loss: 0.6988437871138254
Epoch: 1, Validation Accuracy: 0.5188
Epoch: 2, Average Training Loss: 0.6834571023782094
Epoch: 2, Validation Accuracy: 0.4813
Epoch: 3, Average Training Loss: 0.6560333331425985
Epoch: 3, Validation Accuracy: 0.5312
Epoch: 4, Average Training Loss: 0.6523208598295848
Epoch: 4, Validation Accuracy: 0.5312
Epoch: 5, Average Training Loss: 0.6536745687325796
Epoch: 5, Validation Accuracy: 0.7031
Epoch: 6, Average Training Loss: 0.6337478756904602
Epoch: 6, Validation Accuracy: 0.7000
Epoch: 7, Average Training Loss: 0.6125420252482097
Epoch: 7, Validation Accuracy: 0.5406
Epoch: 8, Average Training Loss: 0.5805937945842743
Epoch: 8, Validation Accuracy: 0.5375
Epoch: 9, Average Training Loss: 0.6051337271928787
Epoch: 9, Validation Accuracy: 0.7063
Epoch: 10, Average Training Loss: 0.573066442211469
Epoch: 10, Validation Accuracy: 0.6844
Training with batch_size=32, learning_rate=0.01
Epoch: 1, Average Training Loss: 0.6925395806630452
Epoch: 1, Validation Accuracy: 0.4719
Epoch: 2, Average Training Loss: 0.6928761442502339
Epoch: 2, Validation Accuracy: 0.4813
Epoch: 3, Average Training Loss: 0.6894761562347412
Epoch: 3, Validation Accuracy: 0.4813
Epoch: 4, Average Training Loss: 0.6889519254366557
Epoch: 4, Validation Accuracy: 0.4813
Epoch: 5, Average Training Loss: 0.687932546933492
Epoch: 5, Validation Accuracy: 0.4875
Epoch: 6, Average Training Loss: 0.6850014925003052
Epoch: 6, Validation Accuracy: 0.5219
Epoch: 7, Average Training Loss: 0.6846504171689352
Epoch: 7, Validation Accuracy: 0.7000
Epoch: 8, Average Training Loss: 0.682814109325409
Epoch: 8, Validation Accuracy: 0.6844
Epoch: 9, Average Training Loss: 0.6810348590215047
Epoch: 9, Validation Accuracy: 0.7438
Epoch: 10, Average Training Loss: 0.6803871711095174
Epoch: 10, Validation Accuracy: 0.5375
Training with batch_size=32, learning_rate=0.001
Epoch: 1, Average Training Loss: 0.6976096510887146
Epoch: 1, Validation Accuracy: 0.5188
Epoch: 2, Average Training Loss: 0.6955362757047018
Epoch: 2, Validation Accuracy: 0.5188
Epoch: 3, Average Training Loss: 0.695494826634725
Epoch: 3, Validation Accuracy: 0.5188
Epoch: 4, Average Training Loss: 0.6946077346801758
Epoch: 4, Validation Accuracy: 0.5188
Epoch: 5, Average Training Loss: 0.6939286828041077
Epoch: 5, Validation Accuracy: 0.5188
Epoch: 6, Average Training Loss: 0.6933075904846191
Epoch: 6, Validation Accuracy: 0.5188
Epoch: 7, Average Training Loss: 0.6925763209660848
Epoch: 7, Validation Accuracy: 0.5188
Epoch: 8, Average Training Loss: 0.6935567895571391
Epoch: 8, Validation Accuracy: 0.5188
Epoch: 9, Average Training Loss: 0.6925753275553386
Epoch: 9, Validation Accuracy: 0.5219
Epoch: 10, Average Training Loss: 0.6919812599817912
Epoch: 10, Validation Accuracy: 0.5219
Training with batch_size=32, learning_rate=0.05
Epoch: 1, Average Training Loss: 0.6914610942204793
Epoch: 1, Validation Accuracy: 0.6531
Epoch: 2, Average Training Loss: 0.689132034778595
Epoch: 2, Validation Accuracy: 0.7063
Epoch: 3, Average Training Loss: 0.6817102193832397
Epoch: 3, Validation Accuracy: 0.4813
Epoch: 4, Average Training Loss: 0.6761396209398906
Epoch: 4, Validation Accuracy: 0.4938
Epoch: 5, Average Training Loss: 0.6742344419161479
Epoch: 5, Validation Accuracy: 0.6031
Epoch: 6, Average Training Loss: 0.6630390803019206
Epoch: 6, Validation Accuracy: 0.4844
Epoch: 7, Average Training Loss: 0.6501292983690897
Epoch: 7, Validation Accuracy: 0.7531
Epoch: 8, Average Training Loss: 0.6371251900990804
Epoch: 8, Validation Accuracy: 0.4813
Epoch: 9, Average Training Loss: 0.636564044157664
Epoch: 9, Validation Accuracy: 0.7844
Epoch: 10, Average Training Loss: 0.618997311592102
Epoch: 10, Validation Accuracy: 0.8000
Training with batch_size=32, learning_rate=0.5
Epoch: 1, Average Training Loss: 0.7209555347760518
Epoch: 1, Validation Accuracy: 0.4813
Epoch: 2, Average Training Loss: 0.6919148882230123
Epoch: 2, Validation Accuracy: 0.6469
Epoch: 3, Average Training Loss: 0.6979119658470154
Epoch: 3, Validation Accuracy: 0.5188
Epoch: 4, Average Training Loss: 0.69417964220047
Epoch: 4, Validation Accuracy: 0.5188
Epoch: 5, Average Training Loss: 0.6929554382960001
Epoch: 5, Validation Accuracy: 0.5188
Epoch: 6, Average Training Loss: 0.7051196654637655
Epoch: 6, Validation Accuracy: 0.4813
Epoch: 7, Average Training Loss: 0.690158466498057
Epoch: 7, Validation Accuracy: 0.4813
Epoch: 8, Average Training Loss: 0.6925828138987223
Epoch: 8, Validation Accuracy: 0.4813
Epoch: 9, Average Training Loss: 0.701328972975413
Epoch: 9, Validation Accuracy: 0.4813
Epoch: 10, Average Training Loss: 0.6947580695152282
Epoch: 10, Validation Accuracy: 0.4813
Training with batch_size=32, learning_rate=0.1
Epoch: 1, Average Training Loss: 0.6974192897478739
Epoch: 1, Validation Accuracy: 0.6406
Epoch: 2, Average Training Loss: 0.6831682046254476
Epoch: 2, Validation Accuracy: 0.4938
Epoch: 3, Average Training Loss: 0.6760886669158935
Epoch: 3, Validation Accuracy: 0.5969
Epoch: 4, Average Training Loss: 0.6662901798884074
Epoch: 4, Validation Accuracy: 0.6281
Epoch: 5, Average Training Loss: 0.6540664831797282
Epoch: 5, Validation Accuracy: 0.6719
Epoch: 6, Average Training Loss: 0.6522157231966654
Epoch: 6, Validation Accuracy: 0.4813
Epoch: 7, Average Training Loss: 0.6491188605626425
Epoch: 7, Validation Accuracy: 0.8031
Epoch: 8, Average Training Loss: 0.6011362711588542
Epoch: 8, Validation Accuracy: 0.5125
Epoch: 9, Average Training Loss: 0.6567070682843527
Epoch: 9, Validation Accuracy: 0.6219
Epoch: 10, Average Training Loss: 0.6131619493166606
Epoch: 10, Validation Accuracy: 0.6656
Best model found with batch_size=16, learning_rate=0.05, dev accuracy=0.8063
Model accuracy on test data: 0.8350
Model accuracy on Restaurant test data: 0.8050
Model accuracy on Amazon test data: 0.6962
Ending: 05/21/24 00:07:00
